app/build/intermediates/manifest_merge_blame_file/debug/processDebugMainManifest/manifest-merger-blame-debug-report.txt
1<?xml version="1.0" encoding="utf-8"?>
2<manifest xmlns:android="http://schemas.android.com/apk/res/android"
3    package="com.qrattend.app"
4    android:versionCode="1"
5    android:versionName="1.0" >
6
7    <uses-sdk
8        android:minSdkVersion="26"
9        android:targetSdkVersion="35" />
10
11    <uses-permission android:name="android.permission.INTERNET" />
11-->src\main\AndroidManifest.xml:5:5-67
11-->src\main\AndroidManifest.xml:5:22-64
12    <uses-permission android:name="android.permission.ACCESS_NETWORK_STATE" />
12-->src\main\AndroidManifest.xml:6:5-79
12-->src\main\AndroidManifest.xml:6:22-76
13
14    <!-- Precise location needed for geofencing while scanning -->
15    <uses-permission android:name="android.permission.ACCESS_FINE_LOCATION" />
15-->src\main\AndroidManifest.xml:9:5-79
15-->src\main\AndroidManifest.xml:9:22-76
16    <uses-permission android:name="android.permission.ACCESS_COARSE_LOCATION" />
16-->src\main\AndroidManifest.xml:10:5-81
16-->src\main\AndroidManifest.xml:10:22-78
17
18    <!-- Camera needed for QR scanning -->
19
20    <uses-permission android:name="android.permission.CAMERA" />
20-->src\main\AndroidManifest.xml:14:5-65
20-->src\main\AndroidManifest.xml:14:22-62
21    <uses-permission android:name="android.permission.POST_NOTIFICATIONS" />
21-->[com.google.firebase:firebase-messaging:23.1.2] AndroidManifest.xml:25:5-77
21-->[com.google.firebase:firebase-messaging:23.1.2] AndroidManifest.xml:25:22-74
22    <uses-permission android:name="android.permission.WAKE_LOCK" /> <!-- Required by older versions of Google Play services to create IID tokens -->
22-->[com.google.firebase:firebase-messaging:23.1.2] AndroidManifest.xml:26:5-68
22-->[com.google.firebase:firebase-messaging:23.1.2] AndroidManifest.xml:26:22-65
23    <uses-permission android:name="com.google.android.c2dm.permission.RECEIVE" />
23-->[com.google.firebase:firebase-messaging:23.1.2] AndroidManifest.xml:28:5-82
23-->[com.google.firebase:firebase-messaging:23.1.2] AndroidManifest.xml:28:22-79
24    <uses-permission android:name="com.google.android.finsky.permission.BIND_GET_INSTALL_REFERRER_SERVICE" />
24-->[com.google.android.gms:play-services-measurement:21.2.2] AndroidManifest.xml:26:5-110
24-->[com.google.android.gms:play-services-measurement:21.2.2] AndroidManifest.xml:26:22-107
25    <uses-permission android:name="com.google.android.gms.permission.AD_ID" />
25-->[com.google.android.gms:play-services-measurement-api:21.2.2] AndroidManifest.xml:25:5-79
25-->[com.google.android.gms:play-services-measurement-api:21.2.2] AndroidManifest.xml:25:22-76
26
27    <permission
27-->[androidx.core:core:1.9.0] AndroidManifest.xml:22:5-24:47
28        android:name="com.qrattend.app.DYNAMIC_RECEIVER_NOT_EXPORTED_PERMISSION"
28-->[androidx.core:core:1.9.0] AndroidManifest.xml:23:9-81
29        android:protectionLevel="signature" />
29-->[androidx.core:core:1.9.0] AndroidManifest.xml:24:9-44
30
31    <uses-permission android:name="com.qrattend.app.DYNAMIC_RECEIVER_NOT_EXPORTED_PERMISSION" /> <!-- Don't require camera, as this requires a rear camera. This allows it to work on the Nexus 7 -->
31-->[androidx.core:core:1.9.0] AndroidManifest.xml:26:5-97
31-->[androidx.core:core:1.9.0] AndroidManifest.xml:26:22-94
32    <uses-feature
32-->[com.journeyapps:zxing-android-embedded:4.3.0] AndroidManifest.xml:25:5-27:36
33        android:name="android.hardware.camera"
33-->[com.journeyapps:zxing-android-embedded:4.3.0] AndroidManifest.xml:26:9-47
34        android:required="false" />
34-->[com.journeyapps:zxing-android-embedded:4.3.0] AndroidManifest.xml:27:9-33
35    <uses-feature
35-->[com.journeyapps:zxing-android-embedded:4.3.0] AndroidManifest.xml:28:5-30:36
36        android:name="android.hardware.camera.front"
36-->[com.journeyapps:zxing-android-embedded:4.3.0] AndroidManifest.xml:29:9-53
37        android:required="false" /> <!-- TODO replace above two with next line after Android 4.2 -->
37-->[com.journeyapps:zxing-android-embedded:4.3.0] AndroidManifest.xml:30:9-33
38    <!-- <uses-feature android:name="android.hardware.camera.any"/> -->
39    <uses-feature
39-->[com.journeyapps:zxing-android-embedded:4.3.0] AndroidManifest.xml:33:5-35:36
40        android:name="android.hardware.camera.autofocus"
40-->[com.journeyapps:zxing-android-embedded:4.3.0] AndroidManifest.xml:34:9-57
41        android:required="false" />
41-->[com.journeyapps:zxing-android-embedded:4.3.0] AndroidManifest.xml:35:9-33
42    <uses-feature
42-->[com.journeyapps:zxing-android-embedded:4.3.0] AndroidManifest.xml:36:5-38:36
43        android:name="android.hardware.camera.flash"
43-->[com.journeyapps:zxing-android-embedded:4.3.0] AndroidManifest.xml:37:9-53
44        android:required="false" />
44-->[com.journeyapps:zxing-android-embedded:4.3.0] AndroidManifest.xml:38:9-33
45    <uses-feature
45-->[com.journeyapps:zxing-android-embedded:4.3.0] AndroidManifest.xml:39:5-41:36
46        android:name="android.hardware.screen.landscape"
46-->[com.journeyapps:zxing-android-embedded:4.3.0] AndroidManifest.xml:40:9-57
47        android:required="false" />
47-->[com.journeyapps:zxing-android-embedded:4.3.0] AndroidManifest.xml:41:9-33
48    <uses-feature
48-->[com.journeyapps:zxing-android-embedded:4.3.0] AndroidManifest.xml:42:5-44:36
49        android:name="android.hardware.wifi"
49-->[com.journeyapps:zxing-android-embedded:4.3.0] AndroidManifest.xml:43:9-45
50        android:required="false" /> <!-- Background location is NOT needed as attendance is only marked in foreground -->
50-->[com.journeyapps:zxing-android-embedded:4.3.0] AndroidManifest.xml:44:9-33
51    <application
51-->src\main\AndroidManifest.xml:18:5-47:19
52        android:allowBackup="true"
52-->src\main\AndroidManifest.xml:19:9-35
53        android:appComponentFactory="androidx.core.app.CoreComponentFactory"
53-->[androidx.core:core:1.9.0] AndroidManifest.xml:28:18-86
54        android:dataExtractionRules="@xml/data_extraction_rules"
54-->src\main\AndroidManifest.xml:20:9-65
55        android:debuggable="true"
56        android:extractNativeLibs="false"
57        android:fullBackupContent="@xml/backup_rules"
57-->src\main\AndroidManifest.xml:21:9-54
58        android:icon="@mipmap/ic_launcher"
58-->src\main\AndroidManifest.xml:22:9-43
59        android:label="@string/app_name"
59-->src\main\AndroidManifest.xml:23:9-41
60        android:roundIcon="@mipmap/ic_launcher_round"
60-->src\main\AndroidManifest.xml:24:9-54
61        android:supportsRtl="true"
61-->src\main\AndroidManifest.xml:25:9-35
62        android:testOnly="true"
63        android:theme="@style/Theme.QrAttend" >
63-->src\main\AndroidManifest.xml:26:9-46
64        <activity
64-->src\main\AndroidManifest.xml:28:9-35:20
65            android:name="com.qrattend.app.MainActivity"
65-->src\main\AndroidManifest.xml:29:13-41
66            android:exported="true" >
66-->src\main\AndroidManifest.xml:30:13-36
67            <intent-filter>
67-->src\main\AndroidManifest.xml:31:13-34:29
68                <action android:name="android.intent.action.MAIN" />
68-->src\main\AndroidManifest.xml:32:17-69
68-->src\main\AndroidManifest.xml:32:25-66
69
70                <category android:name="android.intent.category.LAUNCHER" />
70-->src\main\AndroidManifest.xml:33:17-77
70-->src\main\AndroidManifest.xml:33:27-74
71            </intent-filter>
72        </activity>
73        <activity android:name="com.qrattend.app.ScanTestActivity" />
73-->src\main\AndroidManifest.xml:36:9-54
73-->src\main\AndroidManifest.xml:36:19-51
74
75        <!-- Firebase Cloud Messaging service for push notifications -->
76        <service
76-->src\main\AndroidManifest.xml:39:9-45:19
77            android:name="com.qrattend.app.firebase.FCMService"
77-->src\main\AndroidManifest.xml:40:13-48
78            android:exported="false" >
78-->src\main\AndroidManifest.xml:41:13-37
79            <intent-filter>
79-->src\main\AndroidManifest.xml:42:13-44:29
80                <action android:name="com.google.firebase.MESSAGING_EVENT" />
80-->src\main\AndroidManifest.xml:43:17-78
80-->src\main\AndroidManifest.xml:43:25-75
81            </intent-filter>
82        </service>
83        <service
83-->[androidx.camera:camera-camera2:1.3.0] AndroidManifest.xml:24:9-33:19
84            android:name="androidx.camera.core.impl.MetadataHolderService"
84-->[androidx.camera:camera-camera2:1.3.0] AndroidManifest.xml:25:13-75
85            android:enabled="false"
85-->[androidx.camera:camera-camera2:1.3.0] AndroidManifest.xml:26:13-36
86            android:exported="false" >
86-->[androidx.camera:camera-camera2:1.3.0] AndroidManifest.xml:27:13-37
87            <meta-data
87-->[androidx.camera:camera-camera2:1.3.0] AndroidManifest.xml:30:13-32:89
88                android:name="androidx.camera.core.impl.MetadataHolderService.DEFAULT_CONFIG_PROVIDER"
88-->[androidx.camera:camera-camera2:1.3.0] AndroidManifest.xml:31:17-103
89                android:value="androidx.camera.camera2.Camera2Config$DefaultProvider" />
89-->[androidx.camera:camera-camera2:1.3.0] AndroidManifest.xml:32:17-86
90        </service>
91        <service
91-->[com.google.android.gms:play-services-mlkit-barcode-scanning:18.3.1] AndroidManifest.xml:9:9-15:19
92            android:name="com.google.mlkit.common.internal.MlKitComponentDiscoveryService"
92-->[com.google.android.gms:play-services-mlkit-barcode-scanning:18.3.1] AndroidManifest.xml:10:13-91
93            android:directBootAware="true"
93-->[com.google.mlkit:common:18.11.0] AndroidManifest.xml:17:13-43
94            android:exported="false" >
94-->[com.google.android.gms:play-services-mlkit-barcode-scanning:18.3.1] AndroidManifest.xml:11:13-37
95            <meta-data
95-->[com.google.android.gms:play-services-mlkit-barcode-scanning:18.3.1] AndroidManifest.xml:12:13-14:85
96                android:name="com.google.firebase.components:com.google.mlkit.vision.barcode.internal.BarcodeRegistrar"
96-->[com.google.android.gms:play-services-mlkit-barcode-scanning:18.3.1] AndroidManifest.xml:13:17-120
97                android:value="com.google.firebase.components.ComponentRegistrar" />
97-->[com.google.android.gms:play-services-mlkit-barcode-scanning:18.3.1] AndroidManifest.xml:14:17-82
98            <meta-data
98-->[com.google.mlkit:vision-common:17.3.0] AndroidManifest.xml:12:13-14:85
99                android:name="com.google.firebase.components:com.google.mlkit.vision.common.internal.VisionCommonRegistrar"
99-->[com.google.mlkit:vision-common:17.3.0] AndroidManifest.xml:13:17-124
100                android:value="com.google.firebase.components.ComponentRegistrar" />
100-->[com.google.mlkit:vision-common:17.3.0] AndroidManifest.xml:14:17-82
101            <meta-data
101-->[com.google.mlkit:common:18.11.0] AndroidManifest.xml:20:13-22:85
102                android:name="com.google.firebase.components:com.google.mlkit.common.internal.CommonComponentRegistrar"
102-->[com.google.mlkit:common:18.11.0] AndroidManifest.xml:21:17-120
103                android:value="com.google.firebase.components.ComponentRegistrar" />
103-->[com.google.mlkit:common:18.11.0] AndroidManifest.xml:22:17-82
104        </service>
105
106        <provider
106-->[com.google.mlkit:common:18.11.0] AndroidManifest.xml:9:9-13:38
107            android:name="com.google.mlkit.common.internal.MlKitInitProvider"
107-->[com.google.mlkit:common:18.11.0] AndroidManifest.xml:10:13-78
108            android:authorities="com.qrattend.app.mlkitinitprovider"
108-->[com.google.mlkit:common:18.11.0] AndroidManifest.xml:11:13-69
109            android:exported="false"
109-->[com.google.mlkit:common:18.11.0] AndroidManifest.xml:12:13-37
110            android:initOrder="99" />
110-->[com.google.mlkit:common:18.11.0] AndroidManifest.xml:13:13-35
111
112        <activity
112-->[com.google.android.gms:play-services-auth:21.0.0] AndroidManifest.xml:23:9-27:75
113            android:name="com.google.android.gms.auth.api.signin.internal.SignInHubActivity"
113-->[com.google.android.gms:play-services-auth:21.0.0] AndroidManifest.xml:24:13-93
114            android:excludeFromRecents="true"
114-->[com.google.android.gms:play-services-auth:21.0.0] AndroidManifest.xml:25:13-46
115            android:exported="false"
115-->[com.google.android.gms:play-services-auth:21.0.0] AndroidManifest.xml:26:13-37
116            android:theme="@android:style/Theme.Translucent.NoTitleBar" />
116-->[com.google.android.gms:play-services-auth:21.0.0] AndroidManifest.xml:27:13-72
117        <!--
118            Service handling Google Sign-In user revocation. For apps that do not integrate with
119            Google Sign-In, this service will never be started.
120        -->
121        <service
121-->[com.google.android.gms:play-services-auth:21.0.0] AndroidManifest.xml:33:9-37:51
122            android:name="com.google.android.gms.auth.api.signin.RevocationBoundService"
122-->[com.google.android.gms:play-services-auth:21.0.0] AndroidManifest.xml:34:13-89
123            android:exported="true"
123-->[com.google.android.gms:play-services-auth:21.0.0] AndroidManifest.xml:35:13-36
124            android:permission="com.google.android.gms.auth.api.signin.permission.REVOCATION_NOTIFICATION"
124-->[com.google.android.gms:play-services-auth:21.0.0] AndroidManifest.xml:36:13-107
125            android:visibleToInstantApps="true" />
125-->[com.google.android.gms:play-services-auth:21.0.0] AndroidManifest.xml:37:13-48
126
127        <activity
127-->[com.google.firebase:firebase-auth:22.0.0] AndroidManifest.xml:29:9-46:20
128            android:name="com.google.firebase.auth.internal.GenericIdpActivity"
128-->[com.google.firebase:firebase-auth:22.0.0] AndroidManifest.xml:30:13-80
129            android:excludeFromRecents="true"
129-->[com.google.firebase:firebase-auth:22.0.0] AndroidManifest.xml:31:13-46
130            android:exported="true"
130-->[com.google.firebase:firebase-auth:22.0.0] AndroidManifest.xml:32:13-36
131            android:launchMode="singleTask"
131-->[com.google.firebase:firebase-auth:22.0.0] AndroidManifest.xml:33:13-44
132            android:theme="@android:style/Theme.Translucent.NoTitleBar" >
132-->[com.google.firebase:firebase-auth:22.0.0] AndroidManifest.xml:34:13-72
133            <intent-filter>
133-->[com.google.firebase:firebase-auth:22.0.0] AndroidManifest.xml:35:13-45:29
134                <action android:name="android.intent.action.VIEW" />
134-->[com.google.firebase:firebase-auth:22.0.0] AndroidManifest.xml:36:17-69
134-->[com.google.firebase:firebase-auth:22.0.0] AndroidManifest.xml:36:25-66
135
136                <category android:name="android.intent.category.DEFAULT" />
136-->[com.google.firebase:firebase-auth:22.0.0] AndroidManifest.xml:38:17-76
136-->[com.google.firebase:firebase-auth:22.0.0] AndroidManifest.xml:38:27-73
137                <category android:name="android.intent.category.BROWSABLE" />
137-->[com.google.firebase:firebase-auth:22.0.0] AndroidManifest.xml:39:17-78
137-->[com.google.firebase:firebase-auth:22.0.0] AndroidManifest.xml:39:27-75
138
139                <data
139-->[com.google.firebase:firebase-auth:22.0.0] AndroidManifest.xml:41:17-44:51
140                    android:host="firebase.auth"
140-->[com.google.firebase:firebase-auth:22.0.0] AndroidManifest.xml:42:21-49
141                    android:path="/"
141-->[com.google.firebase:firebase-auth:22.0.0] AndroidManifest.xml:43:21-37
142                    android:scheme="genericidp" />
142-->[com.google.firebase:firebase-auth:22.0.0] AndroidManifest.xml:44:21-48
143            </intent-filter>
144        </activity>
145        <activity
145-->[com.google.firebase:firebase-auth:22.0.0] AndroidManifest.xml:47:9-64:20
146            android:name="com.google.firebase.auth.internal.RecaptchaActivity"
146-->[com.google.firebase:firebase-auth:22.0.0] AndroidManifest.xml:48:13-79
147            android:excludeFromRecents="true"
147-->[com.google.firebase:firebase-auth:22.0.0] AndroidManifest.xml:49:13-46
148            android:exported="true"
148-->[com.google.firebase:firebase-auth:22.0.0] AndroidManifest.xml:50:13-36
149            android:launchMode="singleTask"
149-->[com.google.firebase:firebase-auth:22.0.0] AndroidManifest.xml:51:13-44
150            android:theme="@android:style/Theme.Translucent.NoTitleBar" >
150-->[com.google.firebase:firebase-auth:22.0.0] AndroidManifest.xml:52:13-72
151            <intent-filter>
151-->[com.google.firebase:firebase-auth:22.0.0] AndroidManifest.xml:53:13-63:29
152                <action android:name="android.intent.action.VIEW" />
152-->[com.google.firebase:firebase-auth:22.0.0] AndroidManifest.xml:36:17-69
152-->[com.google.firebase:firebase-auth:22.0.0] AndroidManifest.xml:36:25-66
153
154                <category android:name="android.intent.category.DEFAULT" />
154-->[com.google.firebase:firebase-auth:22.0.0] AndroidManifest.xml:38:17-76
154-->[com.google.firebase:firebase-auth:22.0.0] AndroidManifest.xml:38:27-73
155                <category android:name="android.intent.category.BROWSABLE" />
155-->[com.google.firebase:firebase-auth:22.0.0] AndroidManifest.xml:39:17-78
155-->[com.google.firebase:firebase-auth:22.0.0] AndroidManifest.xml:39:27-75
156
157                <data
157-->[com.google.firebase:firebase-auth:22.0.0] AndroidManifest.xml:41:17-44:51
158                    android:host="firebase.auth"
158-->[com.google.firebase:firebase-auth:22.0.0] AndroidManifest.xml:42:21-49
159                    android:path="/"
159-->[com.google.firebase:firebase-auth:22.0.0] AndroidManifest.xml:43:21-37
160                    android:scheme="recaptcha" />
160-->[com.google.firebase:firebase-auth:22.0.0] AndroidManifest.xml:44:21-48
161            </intent-filter>
162        </activity>
163
164        <service
164-->[com.google.firebase:firebase-auth:22.0.0] AndroidManifest.xml:66:9-72:19
165            android:name="com.google.firebase.components.ComponentDiscoveryService"
165-->[com.google.firebase:firebase-auth:22.0.0] AndroidManifest.xml:67:13-84
166            android:directBootAware="true"
166-->[com.google.firebase:firebase-common:20.3.2] AndroidManifest.xml:34:13-43
167            android:exported="false" >
167-->[com.google.firebase:firebase-auth:22.0.0] AndroidManifest.xml:68:13-37
168            <meta-data
168-->[com.google.firebase:firebase-auth:22.0.0] AndroidManifest.xml:69:13-71:85
169                android:name="com.google.firebase.components:com.google.firebase.auth.FirebaseAuthRegistrar"
169-->[com.google.firebase:firebase-auth:22.0.0] AndroidManifest.xml:70:17-109
170                android:value="com.google.firebase.components.ComponentRegistrar" />
170-->[com.google.firebase:firebase-auth:22.0.0] AndroidManifest.xml:71:17-82
171            <meta-data
171-->[com.google.firebase:firebase-firestore:24.6.0] AndroidManifest.xml:19:13-21:85
172                android:name="com.google.firebase.components:com.google.firebase.firestore.FirestoreRegistrar"
172-->[com.google.firebase:firebase-firestore:24.6.0] AndroidManifest.xml:20:17-111
173                android:value="com.google.firebase.components.ComponentRegistrar" />
173-->[com.google.firebase:firebase-firestore:24.6.0] AndroidManifest.xml:21:17-82
174            <meta-data
174-->[com.google.firebase:firebase-messaging:23.1.2] AndroidManifest.xml:55:13-57:85
175                android:name="com.google.firebase.components:com.google.firebase.messaging.FirebaseMessagingRegistrar"
175-->[com.google.firebase:firebase-messaging:23.1.2] AndroidManifest.xml:56:17-119
176                android:value="com.google.firebase.components.ComponentRegistrar" />
176-->[com.google.firebase:firebase-messaging:23.1.2] AndroidManifest.xml:57:17-82
177            <meta-data
177-->[com.google.android.gms:play-services-measurement-api:21.2.2] AndroidManifest.xml:31:13-33:85
178                android:name="com.google.firebase.components:com.google.firebase.analytics.connector.internal.AnalyticsConnectorRegistrar"
178-->[com.google.android.gms:play-services-measurement-api:21.2.2] AndroidManifest.xml:32:17-139
179                android:value="com.google.firebase.components.ComponentRegistrar" />
179-->[com.google.android.gms:play-services-measurement-api:21.2.2] AndroidManifest.xml:33:17-82
180            <meta-data
180-->[com.google.firebase:firebase-crashlytics:18.3.7] AndroidManifest.xml:17:13-19:85
181                android:name="com.google.firebase.components:com.google.firebase.crashlytics.CrashlyticsRegistrar"
181-->[com.google.firebase:firebase-crashlytics:18.3.7] AndroidManifest.xml:18:17-115
182                android:value="com.google.firebase.components.ComponentRegistrar" />
182-->[com.google.firebase:firebase-crashlytics:18.3.7] AndroidManifest.xml:19:17-82
183            <meta-data
183-->[com.google.firebase:firebase-datatransport:18.1.7] AndroidManifest.xml:27:13-29:85
184                android:name="com.google.firebase.components:com.google.firebase.datatransport.TransportRegistrar"
184-->[com.google.firebase:firebase-datatransport:18.1.7] AndroidManifest.xml:28:17-115
185                android:value="com.google.firebase.components.ComponentRegistrar" />
185-->[com.google.firebase:firebase-datatransport:18.1.7] AndroidManifest.xml:29:17-82
186            <meta-data
186-->[com.google.firebase:firebase-installations:17.1.3] AndroidManifest.xml:17:13-19:85
187                android:name="com.google.firebase.components:com.google.firebase.installations.FirebaseInstallationsRegistrar"
187-->[com.google.firebase:firebase-installations:17.1.3] AndroidManifest.xml:18:17-127
188                android:value="com.google.firebase.components.ComponentRegistrar" />
188-->[com.google.firebase:firebase-installations:17.1.3] AndroidManifest.xml:19:17-82
189        </service>
190
191        <receiver
191-->[com.google.firebase:firebase-messaging:23.1.2] AndroidManifest.xml:31:9-38:20
192            android:name="com.google.firebase.iid.FirebaseInstanceIdReceiver"
192-->[com.google.firebase:firebase-messaging:23.1.2] AndroidManifest.xml:32:13-78
193            android:exported="true"
193-->[com.google.firebase:firebase-messaging:23.1.2] AndroidManifest.xml:33:13-36
194            android:permission="com.google.android.c2dm.permission.SEND" >
194-->[com.google.firebase:firebase-messaging:23.1.2] AndroidManifest.xml:34:13-73
195            <intent-filter>
195-->[com.google.firebase:firebase-messaging:23.1.2] AndroidManifest.xml:35:13-37:29
196                <action android:name="com.google.android.c2dm.intent.RECEIVE" />
196-->[com.google.firebase:firebase-messaging:23.1.2] AndroidManifest.xml:36:17-81
196-->[com.google.firebase:firebase-messaging:23.1.2] AndroidManifest.xml:36:25-78
197            </intent-filter>
198        </receiver>
199        <!--
200             FirebaseMessagingService performs security checks at runtime,
201             but set to not exported to explicitly avoid allowing another app to call it.
202        -->
203        <service
203-->[com.google.firebase:firebase-messaging:23.1.2] AndroidManifest.xml:44:9-51:19
204            android:name="com.google.firebase.messaging.FirebaseMessagingService"
204-->[com.google.firebase:firebase-messaging:23.1.2] AndroidManifest.xml:45:13-82
205            android:directBootAware="true"
205-->[com.google.firebase:firebase-messaging:23.1.2] AndroidManifest.xml:46:13-43
206            android:exported="false" >
206-->[com.google.firebase:firebase-messaging:23.1.2] AndroidManifest.xml:47:13-37
207            <intent-filter android:priority="-500" >
207-->src\main\AndroidManifest.xml:42:13-44:29
208                <action android:name="com.google.firebase.MESSAGING_EVENT" />
208-->src\main\AndroidManifest.xml:43:17-78
208-->src\main\AndroidManifest.xml:43:25-75
209            </intent-filter>
210        </service>
211
212        <receiver
212-->[com.google.android.gms:play-services-measurement:21.2.2] AndroidManifest.xml:29:9-33:20
213            android:name="com.google.android.gms.measurement.AppMeasurementReceiver"
213-->[com.google.android.gms:play-services-measurement:21.2.2] AndroidManifest.xml:30:13-85
214            android:enabled="true"
214-->[com.google.android.gms:play-services-measurement:21.2.2] AndroidManifest.xml:31:13-35
215            android:exported="false" >
215-->[com.google.android.gms:play-services-measurement:21.2.2] AndroidManifest.xml:32:13-37
216        </receiver>
217
218        <service
218-->[com.google.android.gms:play-services-measurement:21.2.2] AndroidManifest.xml:35:9-38:40
219            android:name="com.google.android.gms.measurement.AppMeasurementService"
219-->[com.google.android.gms:play-services-measurement:21.2.2] AndroidManifest.xml:36:13-84
220            android:enabled="true"
220-->[com.google.android.gms:play-services-measurement:21.2.2] AndroidManifest.xml:37:13-35
221            android:exported="false" />
221-->[com.google.android.gms:play-services-measurement:21.2.2] AndroidManifest.xml:38:13-37
222        <service
222-->[com.google.android.gms:play-services-measurement:21.2.2] AndroidManifest.xml:39:9-43:72
223            android:name="com.google.android.gms.measurement.AppMeasurementJobService"
223-->[com.google.android.gms:play-services-measurement:21.2.2] AndroidManifest.xml:40:13-87
224            android:enabled="true"
224-->[com.google.android.gms:play-services-measurement:21.2.2] AndroidManifest.xml:41:13-35
225            android:exported="false"
225-->[com.google.android.gms:play-services-measurement:21.2.2] AndroidManifest.xml:42:13-37
226            android:permission="android.permission.BIND_JOB_SERVICE" />
226-->[com.google.android.gms:play-services-measurement:21.2.2] AndroidManifest.xml:43:13-69
227
228        <provider
228-->[com.google.firebase:firebase-common:20.3.2] AndroidManifest.xml:25:9-30:39
229            android:name="com.google.firebase.provider.FirebaseInitProvider"
229-->[com.google.firebase:firebase-common:20.3.2] AndroidManifest.xml:26:13-77
230            android:authorities="com.qrattend.app.firebaseinitprovider"
230-->[com.google.firebase:firebase-common:20.3.2] AndroidManifest.xml:27:13-72
231            android:directBootAware="true"
231-->[com.google.firebase:firebase-common:20.3.2] AndroidManifest.xml:28:13-43
232            android:exported="false"
232-->[com.google.firebase:firebase-common:20.3.2] AndroidManifest.xml:29:13-37
233            android:initOrder="100" />
233-->[com.google.firebase:firebase-common:20.3.2] AndroidManifest.xml:30:13-36
234
235        <activity
235-->[com.google.android.gms:play-services-base:18.5.0] AndroidManifest.xml:5:9-173
236            android:name="com.google.android.gms.common.api.GoogleApiActivity"
236-->[com.google.android.gms:play-services-base:18.5.0] AndroidManifest.xml:5:19-85
237            android:exported="false"
237-->[com.google.android.gms:play-services-base:18.5.0] AndroidManifest.xml:5:146-170
238            android:theme="@android:style/Theme.Translucent.NoTitleBar" />
238-->[com.google.android.gms:play-services-base:18.5.0] AndroidManifest.xml:5:86-145
239
240        <provider
240-->[androidx.emoji2:emoji2:1.2.0] AndroidManifest.xml:24:9-32:20
241            android:name="androidx.startup.InitializationProvider"
241-->[androidx.emoji2:emoji2:1.2.0] AndroidManifest.xml:25:13-67
242            android:authorities="com.qrattend.app.androidx-startup"
242-->[androidx.emoji2:emoji2:1.2.0] AndroidManifest.xml:26:13-68
243            android:exported="false" >
243-->[androidx.emoji2:emoji2:1.2.0] AndroidManifest.xml:27:13-37
244            <meta-data
244-->[androidx.emoji2:emoji2:1.2.0] AndroidManifest.xml:29:13-31:52
245                android:name="androidx.emoji2.text.EmojiCompatInitializer"
245-->[androidx.emoji2:emoji2:1.2.0] AndroidManifest.xml:30:17-75
246                android:value="androidx.startup" />
246-->[androidx.emoji2:emoji2:1.2.0] AndroidManifest.xml:31:17-49
247            <meta-data
247-->[androidx.lifecycle:lifecycle-process:2.6.1] AndroidManifest.xml:29:13-31:52
248                android:name="androidx.lifecycle.ProcessLifecycleInitializer"
248-->[androidx.lifecycle:lifecycle-process:2.6.1] AndroidManifest.xml:30:17-78
249                android:value="androidx.startup" />
249-->[androidx.lifecycle:lifecycle-process:2.6.1] AndroidManifest.xml:31:17-49
250            <meta-data
250-->[androidx.profileinstaller:profileinstaller:1.3.0] AndroidManifest.xml:29:13-31:52
251                android:name="androidx.profileinstaller.ProfileInstallerInitializer"
251-->[androidx.profileinstaller:profileinstaller:1.3.0] AndroidManifest.xml:30:17-85
252                android:value="androidx.startup" />
252-->[androidx.profileinstaller:profileinstaller:1.3.0] AndroidManifest.xml:31:17-49
253        </provider>
254
255        <meta-data
255-->[com.google.android.gms:play-services-basement:18.4.0] AndroidManifest.xml:6:9-122
256            android:name="com.google.android.gms.version"
256-->[com.google.android.gms:play-services-basement:18.4.0] AndroidManifest.xml:6:20-65
257            android:value="@integer/google_play_services_version" />
257-->[com.google.android.gms:play-services-basement:18.4.0] AndroidManifest.xml:6:66-119
258
259        <activity
259-->[com.journeyapps:zxing-android-embedded:4.3.0] AndroidManifest.xml:47:9-53:63
260            android:name="com.journeyapps.barcodescanner.CaptureActivity"
260-->[com.journeyapps:zxing-android-embedded:4.3.0] AndroidManifest.xml:48:13-74
261            android:clearTaskOnLaunch="true"
261-->[com.journeyapps:zxing-android-embedded:4.3.0] AndroidManifest.xml:49:13-45
262            android:screenOrientation="sensorLandscape"
262-->[com.journeyapps:zxing-android-embedded:4.3.0] AndroidManifest.xml:50:13-56
263            android:stateNotNeeded="true"
263-->[com.journeyapps:zxing-android-embedded:4.3.0] AndroidManifest.xml:51:13-42
264            android:theme="@style/zxing_CaptureTheme"
264-->[com.journeyapps:zxing-android-embedded:4.3.0] AndroidManifest.xml:52:13-54
265            android:windowSoftInputMode="stateAlwaysHidden" />